[RUN #0 5 5]
279 -999 65 129 709
109 690 -428 -389 429
354 624 329 10 616
-14 546 -692 -561 -365
-27 -736 734 107 -637
[RUN #1 5 5]
724 56 -592 53 -626
-482 -785 470 -123 -679
-816 667 261 603 -886
941 892 722 -757 508
-7 720 -499 -529 243
[RUN #2 5 5]
-847 -999 194 396 -802
[RUN #3 5 5]
521 950 -878 -781 -161
560 -81 -306 -413 850
53 -260 -729 833 -409
-96 599 -825 -377 621
574 143 342 526 -143
[RUN #4 5 5]
-777 104 -998 -457 -358
-876 -785 385 484 722
174 259 -670 875 966
-538 -166 -191 -373 950
697 -972 -367 541 661
[RUN #5 5 5]
-633 965 589 -525 -750
-931 58 -841 877 286
-519 -975 31 -916 -868
-624 556 687 655 910
-373 -227 -686 -653 -256
[RUN #6 5 5]
137 -445 -533 -650 -96
128 283 846 304 435
544 -302 -352 379 236
-432 -477 917 -786 289
679 984 30 713 50
[RUN #7 5 5]
935 -852 -972 -705 88
910 -135 -685 177 -893
-60 257 179 -424 238
-356 -514 -664 217 -961
837 195 -341 236 -480
[RUN #8 5 5]
912 420 -200 -116 218
337 383 344 -9 -586
218 621 111 -568 -170
423 -287 -322 3 -291
281 -599 -316 920 374
[RUN #9 5 10]
177 812 -744 363 829
240 -793 -154 -248 -1
766 -18 -341 -14 -883
475 407 -45 973 842
983 315 -748 -113 74
375 451 -313 -552 -62
539 818 954 -575 695
-422 444 -945 711 664
962 226 -508 -146 -69
655 -893 -221 -779 831
[RUN #10 5 20]
574 -365 -906 864 -757
-123 809 -705 487 -488
-323 0 -912 -641 -135
653 246 -160 800 419
-187 -626 819 307 -795
723 792 -874 971 -115
-30 334 333 141 -840
-554 -11 -269 -368 290
-27 285 729 -505 -131
-159 -652 -525 -117 -727
-342 -314 794 714 -702
123 934 -775 -155 -565
-1000 907 -171 -939 596
-800 495 -512 -928 -36
-29 -283 791 -539 734
98 644 -52 -570 -97
688 408 578 -747 860
-874 404 -789 115 552
278 550 156 955 -331
894 -109 354 37 561
[RUN #11 10 5]
658 -699 -925 -268 497 -66 -378 819 734 673
-543 246 952 323 31 -900 -291 425 -103 -539
501 14 510 -756 -900 -665 579 -942 620 137
-69 381 32 -378 944 893 235 -553 -231 -745
-613 44 640 -915 -570 -457 -84 -621 -469 -27
[RUN #12 10 10]
-883 -999 -405 -728 -506 948 -901 -392 994 284
-245 814 -718 -925 -464 518 -178 -565 649 -807
363 744 895 224 -327 35 552 254 799 352
116 653 -848 -50 -157 183 -7 370 -765 -193
-663 -157 945 -845 -393 984 -975 -835 361 679
967 -830 -463 -41 -203 -585 965 -14 -770 656
-425 -892 -19 -632 -740 -177 -897 -33 865 -961
-769 -152 903 932 -400 -471 493 517 740 -417
447 334 804 -644 915 -899 326 -938 -709 -162
-446 705 639 559 433 480 -310 -913 -258 584
[RUN #13 10 30]
-517 -585 504 -62 465 682 -292 245 -364 399
-573 186 -351 964 918 591 -176 -868 423 -732
732 780 684 656 -488 622 42 -565 938 -209
-639 -190 -191 694 354 680 114 -710 -686 -222
-527 -555 -575 -987 837 -525 790 332 215 321
-327 360 -646 -953 821 664 738 -378 -177 -818
903 554 -509 199 -788 888 -224 369 -886 -890
386 -843 458 -537 641 132 714 -67 874 757
590 -612 -482 -524 -971 512 918 -160 265 709
303 793 988 -568 -934 189 130 675 -117 2
741 330 -864 658 178 -934 478 -936 -588 682
-460 804 782 -639 -947 823 -735 158 426 127
-539 -629 138 129 391 -319 773 -364 -985 769
-745 407 117 962 741 -627 86 -768 -961 -781
-811 277 377 281 348 -425 -208 331 -715 119
382 671 -757 378 -36 -629 -609 642 -530 817
-969 423 -348 -70 346 -805 -359 -520 838 -841
-286 288 883 -990 923 680 -537 812 -883 -889
-228 640 -80 327 618 -348 -830 -793 -54 -75
-753 -798 969 -723 -24 252 690 307 305 -700
-315 911 751 -64 693 -908 21 -101 855 -92
178 739 361 -65 -158 -889 65 -555 742 45
-530 -523 -192 440 -522 -432 -176 -633 783 657
-380 -519 -109 -491 848 -524 828 613 48 -300
648 175 -626 615 -634 715 392 452 -43 604
339 956 986 658 288 870 901 -566 -577 -876
-84 -329 973 -735 657 -633 -230 608 298 -955
920 -819 -948 751 894 806 225 683 317 324
752 -443 773 -191 -270 782 325 -415 -211 -81
774 -855 -862 -954 -477 -163 -373 301 -854 -79
[RUN #14 100 5]
-169 -67 960 -613 354 194 -3 -999 -926 382 495 728 614 603 870 -678 320 -148 -693 -512 -219 -322 -925 756 -744 218 917 629 717 486 -993 -923 -798 650 111 -86 -262 -606 421 332 336 -221 -299 -62 739 -479 288 970 118 -492 -56 491 741 -116 220 -478 638 -917 -932 846 -826 299 -815 -188 -271 -357 236 585 -741 221 286 522 -990 -997 2 -652 -577 255 648 -231 829 524 198 -886 -531 961 -766 -446 -547 822 -839 -493 225 995 -486 -989 169 -692 668 -202
-79 775 -630 153 -464 -634 60 377 -618 -243 992 -942 235 -268 -320 897 -911 920 -811 -862 -826 -412 396 -875 -956 336 -164 208 359 -959 103 -638 -509 -295 302 490 -99 -27 319 219 -796 664 -929 796 -633 -336 -357 525 -78 -870 267 -769 339 -97 619 679 -179 917 763 -744 340 -486 -228 -54 439 -394 -105 91 120 629 122 375 655 403 -935 -802 -146 -611 -849 -737 -137 390 26 142 -331 690 -23 -890 479 -39 852 -700 625 -113 -118 507 -173 -96 711 579
826 -197 -726 -998 -917 522 -575 804 759 897 526 143 -807 -682 -243 126 900 -130 323 -600 -389 -103 134 -967 503 -687 302 638 869 -743 -45 -91 -867 -444 461 -643 488 -760 -798 -528 956 881 -101 112 93 32 728 221 -634 -31 290 -376 303 -57 694 129 483 814 -526 978 267 -783 -72 827 465 -852 919 916 484 24 -930 376 -143 780 -110 457 715 -744 -233 -762 -315 641 -60 550 848 794 685 -766 -694 -911 -78 401 157 -822 898 -432 -426 -366 -680 455
804 975 586 741 -253 -511 57 -577 -744 -305 335 584 181 523 650 800 -850 -487 -904 426 419 -171 362 -400 -596 -437 450 -395 -257 260 -698 -793 429 630 -356 474 -108 254 659 415 -383 -957 220 -453 -164 -451 225 -870 944 -147 -685 908 404 -908 769 45 881 738 -810 -540 251 -239 719 -900 -522 -838 -55 -640 -479 -486 845 -790 229 -972 59 -339 331 998 -708 606 795 790 996 35 -670 725 389 -338 -666 131 -271 853 7 -313 44 618 575 -734 -426 -845
91 -411 -344 -564 771 -827 -661 -151 889 -166 -584 -414 -824 -178 166 114 358 -361 190 -987 -807 -578 -103 -368 267 661 -206 -734 717 -600 507 331 837 -851 678 734 -405 834 619 103 -306 773 -720 833 -331 -165 121 979 63 -175 -472 -759 -261 452 -423 317 133 -343 906 823 -82 775 -213 590 517 822 325 -672 -496 684 177 792 -374 -998 -627 -967 721 55 245 254 -631 257 -563 -399 714 32 -548 882 -384 873 838 434 995 -387 894 -674 765 78 51 -739
[RUN #15 500 5]
91 -23 -445 -833 865 -876 -961 159 -292 -852 -351 -131 937 901 -780 642 -254 615 -167 -508 647 313 -310 -954 -825 354 729 208 401 97 -250 368 -916 -102 834 703 -578 -799 -969 -15 430 25 -101 -630 226 -284 -311 974 -340 552 467 264 -144 634 9 306 738 466 165 202 -712 942 970 931 27 -228 -407 62 112 -924 567 -459 814 -269 -294 -562 708 914 -137 980 602 825 -530 13 359 443 876 -456 810 -45 449 149 438 -356 -227 739 764 -499 -951 414 139 269 301 332 486 284 -736 -328 367 -436 388 -697 211 772 29 34 158 -282 434 320 745 411 -197 -122 508 -964 327 -541 626 -775 813 427 460 -834 -511 733 395 299 971 787 73 -612 -125 -906 107 -727 217 863 -988 137 536 -829 19 -360 -873 -184 -875 -248 75 98 190 -156 564 -617 -118 197 -805 -107 -868 595 -816 289 -581 -175 859 -821 258 -689 955 -815 -267 -543 -822 898 798 927 -959 620 -865 105 479 -231 816 224 720 498 -766 -631 205 441 -313 305 637 580 -592 948 365 -434 537 46 134 14 -487 915 -683 631 -827 -441 -745 -608 325 200 -948 -934 -900 -732 -209 -621 -279 577 696 749 -83 -182 -754 -560 -435 -132 84 -190 -204 329 691 605 259 399 56 -573 677 214 -729 -28 -644 883 670 348 437 493 -219 -470 -303 -468 672 873 204 -116 -412 791 420 504 -864 -515 -344 49 113 886 -24 -941 -366 183 -70 162 -232 582 164 -389 -787 -920 721 -438 52 -18 -405 5 -955 777 -820 206 633 -989 -915 987 307 90 -315 981 -943 -995 692 991 465 -336 806 849 403 -443 -256 -672 768 -246 -331 -624 -498 -43 378 -170 579 -379 92 -859 352 802 -34 -714 -655 -779 841 842 328 -928 337 -234 -475 50 629 121 -965 891 -64 -235 181 -99 826 -650 522 -544 -848 53 -48 711 -831 -594 994 238 235 872 644 -241 697 867 979 -56 -981 71 480 -277 277 -214 726 -914 -811 -258 852 624 -143 -871 -795 -903 950 -387 -82 -761 -354 246 744 469 -385 127 -793 -567 -327 -51 -682 21 -879 472 929 -517 -29 -740 531 -956 439 -952 186 982 -337 800 79 -670 -666 38 590 527 -463 622 -835 -854 -547 -636 632 489 511 -866 -704 -87 -722 699 -572 -20 12 -67 339 296 -57 -334 641 102 272 152 -896 142 100 371 -527 -990 64 524 -886 457 569 -65 -245 459 215 -192 939 -74 -78 -46 -575 -127 -651 54 680 -532 -242 904 -450 949 -614 857 -715 -817 -166 -702 -332 734 757 -346 -473 -61 408 114 -280 -440 -49 512 244 335
-654 626 -718 941 410 -539 906 427 975 999 -159 137 956 -793 19 -809 -460 430 982 -161 243 -579 687 381 -216 -642 -898 940 -47 585 -709 -878 16 -954 677 323 861 445 -757 830 -59 272 513 388 -737 615 731 -232 106 93 917 943 175 168 691 -711 -939 253 -623 967 -242 399 236 -807 986 180 290 874 230 -613 964 -820 -625 729 768 285 383 -509 876 873 -503 -977 -903 635 946 -585 644 869 -586 -442 -601 883 489 75 996 584 -545 -489 498 710 -573 759 -838 778 -323 534 733 817 637 -217 631 541 -103 922 -558 319 -247 -297 464 945 -485 -692 -478 -578 815 -314 -208 -254 674 362 926 0 -947 665 -155 990 -22 -210 643 -425 660 658 134 345 352 360 545 -293 583 872 537 718 512 -211 -321 339 -157 -338 99 -697 807 -14 103 525 875 -20 -841 -817 -713 -129 -224 209 -162 -826 371 601 72 369 905 -719 -82 -146 567 408 9 -926 235 -419 -618 -18 950 -666 -46 78 286 -37 -269 -202 -450 -564 382 118 795 961 401 76 442 -973 -429 -609 -324 -496 -381 711 277 -24 -848 -358 -735 882 68 -463 503 569 -518 283 -904 -26 -970 564 918 28 -74 -671 296 -306 -160 -853 966 -777 -693 -369 813 519 865 811 -720 841 -234 -351 -525 767 727 712 -624 657 -483 590 -2 204 -181 -223 114 889 -608 -555 -393 -562 -21 478 8 22 -193 902 -925 686 -153 879 719 -534 -88 597 -804 832 652 -843 81 -243 608 184 -819 -795 969 701 317 -38 -62 233 448 -79 696 -744 -782 -732 -687 -27 539 468 676 621 250 241 205 -506 -151 898 -701 378 -109 -948 740 -280 -560 -98 88 515 -568 -644 -89 391 124 -964 -943 113 -768 661 419 219 -135 839 634 -337 167 -861 -148 -553 -392 270 18 893 -209 -5 -629 -739 -476 -6 -661 633 -833 -303 376 -621 351 -377 457 -751 -808 700 -824 417 -107 -307 480 298 -368 321 -176 460 -329 409 965 -164 255 -857 294 90 825 -85 561 39 -376 769 -137 -322 -165 -787 -272 609 375 -537 482 -388 863 -844 -524 -773 -112 546 -31 354 -696 123 -253 639 311 -548 -105 -340 508 267 108 803 -700 -547 314 415 -992 -372 387 242 -437 -968 -901 -821 456 356 827 -672 -895 -141 -702 -459 930 -487 -194 -130 -690 -290 210 -945 624 149 957 524 -453 801 -169 247 792 444 -645 -561 -454 -349 -664 -433 -410 -652 998 -704 714 920 -852 933 -987 305 -540 82 -228 -128 963 544 -891 179 -504 390 -172 -325 -127 -215 -350 -76 -468 69 -396 -220 -634 365 -730 -752
-546 372 -706 -660 -675 -134 49 -725 41 -803 -404 -465 -954 156 476 -964 502 204 310 186 894 229 650 133 -711 775 -714 772 -732 258 627 -212 -89 925 123 725 -346 727 400 -578 648 -422 -819 -226 -294 864 -927 893 988 -80 -525 -696 -252 -779 142 593 847 801 -551 -203 -609 -921 -2 153 414 -412 997 -93 -821 668 367 573 846 -850 -15 -375 -341 -348 -364 -413 323 766 345 738 -632 440 -271 -780 706 4 193 514 -541 -343 749 129 209 2 989 998 149 618 625 703 649 670 871 -54 384 -820 -834 -235 -40 475 -205 15 755 -234 356 -111 242 -177 236 -326 569 511 929 666 -149 -700 79 99 219 -201 473 945 857 -276 -564 527 220 -194 -695 -772 -314 756 -3 -633 -807 -866 369 249 705 -353 899 892 609 784 185 -747 -230 167 887 688 -260 -369 -907 574 177 -482 -804 865 506 -832 914 -679 -727 44 -905 -597 141 -380 199 -939 501 412 -381 387 -556 -743 -140 -116 -356 811 562 -42 976 238 448 -135 540 597 -185 813 761 -623 -854 684 872 206 -677 93 732 472 726 -204 -627 -225 -592 -470 -966 698 900 617 -914 -970 -130 592 -673 774 780 566 112 -366 -210 441 620 11 89 322 54 833 -259 982 -787 911 -873 -776 -298 -30 759 -433 758 -456 42 -153 845 891 728 493 571 -365 -581 -865 -955 -963 -4 286 451 173 401 -723 26 395 -654 248 985 -239 -919 -588 747 825 -904 882 -626 419 19 -680 937 -219 103 343 -299 446 -792 -246 -930 631 -309 230 -956 125 298 525 -455 243 -899 -272 -20 -297 336 -191 -499 334 423 425 422 -17 576 -862 884 -77 730 -744 843 -255 94 -241 607 -383 680 -685 58 -421 -622 -741 -823 -467 458 -193 612 -507 -777 288 -687 874 207 803 -575 -444 494 8 -220 646 86 -647 -425 -335 -511 349 636 522 -12 838 491 -986 190 555 930 405 543 546 -702 474 633 -757 913 -214 22 256 -109 275 -448 291 -520 454 -959 817 816 235 30 835 -770 832 -640 -247 -278 -782 131 716 -553 554 971 776 -826 942 264 -458 -651 610 901 -269 -758 -330 -436 840 -739 -619 -280 -530 -112 -155 714 967 764 -938 -411 -25 904 -270 773 60 530 -542 -576 842 130 370 132 81 -738 587 -764 917 -190 890 -216 200 244 -273 -612 495 -393 -306 -560 614 315 61 342 575 -710 -860 -903 -154 791 -748 262 -408 960 -879 -712 -508 -605 -965 582 484 119 -676 -477 -886 600 271 390 -985 289 -683 754 852 -620 -999 -849 490 -692 318 -869 673 -102 -236 -571 383
-151 -806 606 617 -612 301 -136 -89 392 -144 -74 511 -375 403 999 -745 71 572 662 -254 -807 -663 -298 27 -72 355 -268 322 -175 64 -984 -507 660 950 473 -628 -289 916 30 488 14 616 469 381 -166 11 -561 -349 532 127 -811 968 410 855 -952 734 695 -346 6 426 820 -736 -59 -311 -851 244 -574 -737 -844 -673 -860 476 224 -664 986 907 490 0 766 -27 -915 415 -826 431 -955 794 422 257 583 -106 271 667 -359 -938 -786 96 46 325 317 -393 -948 360 98 -194 -264 507 -862 -920 -902 321 -501 -819 125 -720 -875 -248 534 713 755 -296 -229 -497 -196 763 292 283 760 -552 974 225 -180 229 268 -216 -988 -54 749 -885 -281 997 994 -611 -455 629 -828 -369 -515 -899 -763 458 -642 72 -363 -941 569 508 -120 622 -195 778 -19 709 456 21 711 -478 -535 -214 -694 910 839 60 51 -762 -657 -722 199 66 -700 893 -780 -453 650 314 -959 598 761 730 452 -572 -895 -134 -353 -188 521 -493 800 55 750 378 76 -878 190 -258 -842 400 429 -705 -109 677 991 83 361 -536 -227 564 -747 -928 -245 756 -522 -510 -523 -504 869 267 -104 34 164 -294 517 612 786 826 732 -793 -983 -626 -528 943 204 759 891 -582 -152 -200 655 777 845 -950 -381 470 -627 627 526 -155 -505 -337 791 453 -936 197 -679 810 -554 -595 -617 -633 998 -637 -129 -551 -496 -676 -879 340 -508 600 101 78 -965 -201 -643 -729 595 -650 -447 -914 -868 -648 -789 -573 -779 -384 149 -50 775 -871 -593 -469 -520 -616 623 279 -484 207 849 -810 522 654 323 714 860 148 274 -3 530 -896 -849 983 -876 724 -90 -246 209 -778 -758 -864 -450 -741 870 -690 48 -347 914 -958 -817 814 574 -33 -243 -644 -360 -210 106 -932 -75 608 645 -621 700 200 -618 593 -953 310 -724 -964 393 -687 489 -682 -771 -367 3 712 -391 592 842 597 -329 420 -794 837 768 666 -368 -223 -317 683 87 -147 -320 478 -957 -865 -575 -330 -310 219 -177 -287 -76 -669 88 -926 -392 -230 -463 833 -28 423 347 -639 928 -61 114 825 -540 -482 -799 889 904 449 827 611 479 -426 -974 581 365 -325 -527 -342 356 -998 12 -409 -204 535 205 977 575 223 -586 252 -100 460 967 -718 514 486 -831 269 77 -614 296 -666 -94 -7 -322 515 790 -812 -511 571 -428 -174 -103 589 328 -783 -41 805 -730 767 -651 -646 -192 -297 -91 -278 -217 684 -282 546 -805 218 -652 729 -660 537 957 -987 -186 846 -761 962 619 -979 -568 122 927 -945 -726 -768 -407 68 43 142
-257 -919 157 575 856 71 -690 642 370 -840 -756 -405 -237 984 -874 75 883 -465 -827 100 -510 639 -762 305 -852 -771 334 858 -537 283 703 329 -464 -832 -711 947 -568 -40 270 560 392 -184 -508 -367 -406 448 917 943 543 526 848 -598 165 818 676 -293 842 -120 61 -884 -414 -263 -986 -232 237 170 442 280 -551 -616 -121 276 860 -823 530 673 756 8 -458 -123 -110 415 -562 149 -540 -340 -966 -394 -957 715 -62 -737 -14 424 854 87 -943 -599 520 -102 174 464 710 238 5 573 487 -581 493 -893 140 633 182 826 -528 -843 -326 -716 778 367 345 -353 366 700 -793 390 -871 -186 900 -381 196 -916 982 552 -278 436 -662 755 96 -429 -809 708 655 -666 -482 465 516 183 -830 -251 39 349 719 373 952 97 -521 326 -952 -219 -106 275 -741 286 -212 546 -641 -500 64 988 841 891 -19 207 811 648 697 -434 -47 -385 -683 -859 618 843 939 651 814 796 980 -113 -7 779 -541 -527 -485 519 966 914 660 963 729 789 455 469 28 -927 -546 -684 -480 -303 -349 423 134 467 -82 -334 -807 215 749 596 -922 972 -460 462 605 67 -221 828 -722 -441 -339 78 788 875 555 -824 -418 -173 -315 -225 82 -517 -260 -851 -860 56 -895 335 103 -611 156 -693 -894 747 -141 -130 -947 -348 -897 653 -651 444 801 740 484 -483 -39 -207 379 -934 -283 -532 -352 -176 -86 895 -896 549 -888 805 909 -816 632 -53 679 598 -368 89 -399 -191 371 -344 933 556 545 -657 420 137 -133 -265 631 593 -361 -989 118 -163 266 -847 -282 -629 890 -490 876 -951 489 471 -652 -579 750 313 414 463 -264 951 406 -675 -850 -968 -175 154 772 971 -273 800 324 658 970 310 -1 260 873 -636 -613 433 -235 508 -921 453 120 369 -30 813 187 307 249 138 -777 570 -887 293 -183 31 38 656 173 837 -622 -914 403 585 905 -416 559 -688 831 55 623 -963 773 340 -10 155 -853 147 -436 -962 385 544 -247 446 -649 327 714 189 861 -337 -193 -108 -525 896 317 368 -333 -420 92 127 452 -63 459 537 636 -383 621 -791 -15 426 -437 -341 490 101 -936 -606 -433 601 148 705 -457 -446 -138 784 754 829 504 86 355 764 -266 699 -107 542 57 184 965 844 -849 -454 928 99 589 194 72 -552 962 199 976 123 133 938 400 -338 74 731 502 -677 -240 -538 -101 767 853 162 -626 -704 124 681 -363 -770 -979 -105 738 -139 -665 -397 -491 -388 -159 880 -998 -25 -468 769 -825 246 11 68 -452 428 -22 -769 -370 -584
